<?xml version="1.0" encoding="UTF-8"?>
<testng-results skipped="0" failed="0" ignored="0" total="1" passed="1">
  <reporter-output>
  </reporter-output>
  <suite name="Default suite" duration-ms="21232" started-at="2020-02-27T17:23:57Z" finished-at="2020-02-27T17:24:19Z">
    <groups>
    </groups>
    <test name="Default test" duration-ms="21232" started-at="2020-02-27T17:23:57Z" finished-at="2020-02-27T17:24:19Z">
      <class name="test.NewAccountTest">
        <test-method status="PASS" signature="NewAccount()[pri:0, instance:test.NewAccountTest@31d7b7bf]" name="NewAccount" duration-ms="21211" started-at="2020-02-27T11:23:57Z" finished-at="2020-02-27T11:24:18Z">
          <reporter-output>
          </reporter-output>
        </test-method> <!-- NewAccount -->
      </class> <!-- test.NewAccountTest -->
    </test> <!-- Default test -->
  </suite> <!-- Default suite -->
</testng-results>
